<?xml version="1.0" encoding="UTF-8"?>
<!-- Generated by org.testng.reporters.JUnitReportReporter -->
<testsuite hostname="BG-ADN-HBKC1Z2" failures="0" tests="1" name="com.zara.loginpagetests.AddItemToCardTests" time="23.683" errors="0" timestamp="2023-03-01T16:47:46 EET" skipped="0">
  <testcase classname="com.zara.loginpagetests.AddItemToCardTests" name="shopGirlsJacket" time="23.683"/>
  <system-out/>
</testsuite> <!-- com.zara.loginpagetests.AddItemToCardTests -->
