<?xml version="1.0" encoding="UTF-8"?>
<!-- Generated by org.testng.reporters.JUnitReportReporter -->
<testsuite hostname="BG-ADN-HBKC1Z2" failures="0" tests="1" name="com.zara.loginpagetests.LogInTests" time="9.881" errors="0" timestamp="2023-03-01T16:47:16 EET" skipped="0">
  <testcase classname="com.zara.loginpagetests.LogInTests" name="logInTest" time="9.881"/>
  <system-out/>
</testsuite> <!-- com.zara.loginpagetests.LogInTests -->
