<?xml version="1.0" encoding="UTF-8"?>
<!-- Generated by org.testng.reporters.JUnitReportReporter -->
<testsuite hostname="BG-ADN-HBKC1Z2" failures="0" tests="1" name="com.zara.loginpagetests.Proba" time="16.603" errors="0" timestamp="2023-02-28T14:15:46 EET" skipped="0">
  <testcase classname="com.zara.loginpagetests.Proba" name="logInTest" time="16.603"/>
  <system-out/>
</testsuite> <!-- com.zara.loginpagetests.Proba -->
