<?xml version="1.0" encoding="UTF-8"?>
<!-- Generated by org.testng.reporters.JUnitReportReporter -->
<testsuite hostname="BG-ADN-HBKC1Z2" failures="0" tests="1" name="com.zara.loginpagetests.LogInPageTests" time="13.190" errors="0" timestamp="2023-03-06T15:03:44 EET" skipped="0">
  <testcase classname="com.zara.loginpagetests.LogInPageTests" name="positiveLogInPageTest" time="13.190"/>
  <system-out/>
</testsuite> <!-- com.zara.loginpagetests.LogInPageTests -->
